Warning: DeliveryProcess:Business Design Thinking: missing resource file './../../Business Design Thinking/deliveryprocesses/Defini&ccedil;&atilde;o_AB44A3FA.html'
Warning: DeliveryProcess:Business Design Thinking: missing resource file './../../Business Design Thinking/deliveryprocesses/Idealiza&ccedil;&atilde;o_905CDD4C.html'
Warning: DeliveryProcess:Business Design Thinking: missing resource file './../../Business Design Thinking/deliveryprocesses/Defini&ccedil;&atilde;o_AB44A3FA.html'
Warning: DeliveryProcess:Business Design Thinking: missing resource file './../../Business Design Thinking/deliveryprocesses/Idealiza&ccedil;&atilde;o_905CDD4C.html'
Warning: Activity:Briefing com Cliente: missing resource file './../../Business Design Thinking/tasks/Esbo&ccedil;ar Problema_D110C003.html'
Warning: Activity:Briefing com Cliente: missing resource file './../../Business Design Thinking/tasks/Esbo&ccedil;ar Solu&ccedil;&atilde;o_2D5D3482.html'
Warning: Activity:Briefing com Cliente: missing resource file './../../Business Design Thinking/tasks/Esbo&ccedil;ar Desejos_89E9F8A9.html'
Warning: Activity:Briefing com Cliente: missing resource file './../../Business Design Thinking/workproducts/Anota&ccedil;&otilde;es do Projeto_6A2D8988.html'
Warning: Activity:Briefing com Cliente: missing resource file './../../Business Design Thinking/tasks/Esbo&ccedil;ar Problema_D110C003.html'
Warning: Activity:Briefing com Cliente: missing resource file './../../Business Design Thinking/tasks/Esbo&ccedil;ar Solu&ccedil;&atilde;o_2D5D3482.html'
Warning: Activity:Briefing com Cliente: missing resource file './../../Business Design Thinking/tasks/Esbo&ccedil;ar Desejos_89E9F8A9.html'
Warning: Activity:Briefing com Cliente: missing resource file './../../Business Design Thinking/workproducts/Anota&ccedil;&otilde;es do Projeto_6A2D8988.html'
Warning: Task:Esboçar Problema: missing resource file './../../Business Design Thinking/disciplines/Empatiza&ccedil;&atilde;o do Briefing com Cliente_E065D1A3.html'
Warning: Task:Esboçar Problema: missing resource file './../../Business Design Thinking/tasks/Esbo&ccedil;ar Problema_D110C003.html'
Warning: Role:Gerente de Projetos: missing resource file './../../Business Design Thinking/rolesets/Todos os Pap&eacute;is_D34A2D30.html'
Warning: Role:Gerente de Projetos: missing resource file './../../Business Design Thinking/tasks/Definir Cronograma De Reuni&otilde;es_6E6CE8DD.html'
Warning: Role:Gerente de Projetos: missing resource file './../../Business Design Thinking/tasks/Esbo&ccedil;ar Desejos_89E9F8A9.html'
Warning: Role:Gerente de Projetos: missing resource file './../../Business Design Thinking/tasks/Esbo&ccedil;ar Problema_D110C003.html'
Warning: Role:Gerente de Projetos: missing resource file './../../Business Design Thinking/tasks/Esbo&ccedil;ar Solu&ccedil;&atilde;o_2D5D3482.html'
Warning: Role:Gerente de Projetos: missing resource file './../../Business Design Thinking/tasks/Avaliar Prot&oacute;tipo Junto a Equipe de Desenvolvimento Alta Fidelid_2E1DF7D5.html'
Warning: Role:Gerente de Projetos: missing resource file './../../Business Design Thinking/tasks/Avaliar Prot&oacute;tipo Junto a Equipe de Desenvolvimento M&eacute;dia Fideli_ECF30F22.html'
Warning: Role:Gerente de Projetos: missing resource file './../../Business Design Thinking/deliveryprocesses/Documenta&ccedil;&atilde;o de Resultados_3FF3AD5.html'
Warning: Role:Gerente de Projetos: missing resource file './../../Business Design Thinking/deliveryprocesses/Defini&ccedil;&atilde;o_AB44A3FA.html'
Warning: Role:Gerente de Projetos: missing resource file './../../Business Design Thinking/deliveryprocesses/Reuni&otilde;es com o Cliente_670CAEFD.html'
Warning: Role:Gerente de Projetos: missing resource file './../../Business Design Thinking/deliveryprocesses/Prototipa&ccedil;&atilde;o Em Baixa E M&eacute;dia Fidelidade_75DA73CB.html'
Warning: Role:Gerente de Projetos: missing resource file './../../Business Design Thinking/deliveryprocesses/Prototipa&ccedil;&atilde;o Interativa E Em Alta Fidelidade_584B45A3.html'
Warning: Role:Stakeholders: missing resource file './../../Business Design Thinking/rolesets/Todos os Pap&eacute;is_D34A2D30.html'
Warning: Role:Stakeholders: missing resource file './../../Business Design Thinking/tasks/Avaliar Usabilidade do Prot&oacute;tipo Interativo Junto ao Cliente_5BD0B9EC.html'
Warning: Role:Stakeholders: missing resource file './../../Business Design Thinking/tasks/Definir Cronograma De Reuni&otilde;es_6E6CE8DD.html'
Warning: Role:Stakeholders: missing resource file './../../Business Design Thinking/tasks/Esbo&ccedil;ar Desejos_89E9F8A9.html'
Warning: Role:Stakeholders: missing resource file './../../Business Design Thinking/tasks/Esbo&ccedil;ar Problema_D110C003.html'
Warning: Role:Stakeholders: missing resource file './../../Business Design Thinking/tasks/Esbo&ccedil;ar Solu&ccedil;&atilde;o_2D5D3482.html'
Warning: Role:Stakeholders: missing resource file './../../Business Design Thinking/deliveryprocesses/Defini&ccedil;&atilde;o_AB44A3FA.html'
Warning: Role:Stakeholders: missing resource file './../../Business Design Thinking/deliveryprocesses/Documento de Vis&atilde;o Geral_B6E02A1.html'
Warning: Role:Stakeholders: missing resource file './../../Business Design Thinking/deliveryprocesses/Reuni&otilde;es com o Cliente_670CAEFD.html'
Warning: Role:Stakeholders: missing resource file './../../Business Design Thinking/deliveryprocesses/Prototipa&ccedil;&atilde;o Interativa E Em Alta Fidelidade_584B45A3.html'
Warning: Task:Esboçar Solução: missing resource file './../../Business Design Thinking/disciplines/Empatiza&ccedil;&atilde;o do Briefing com Cliente_E065D1A3.html'
Warning: Task:Esboçar Solução: missing resource file './../../Business Design Thinking/tasks/Esbo&ccedil;ar Solu&ccedil;&atilde;o_2D5D3482.html'
Warning: Task:Esboçar Desejos: missing resource file './../../Business Design Thinking/disciplines/Empatiza&ccedil;&atilde;o do Briefing com Cliente_E065D1A3.html'
Warning: Task:Esboçar Desejos: missing resource file './../../Business Design Thinking/tasks/Esbo&ccedil;ar Desejos_89E9F8A9.html'
Warning: Artifact:Anotações do Projeto: missing resource file './../../Business Design Thinking/tasks/Esbo&ccedil;ar Desejos_89E9F8A9.html'
Warning: Artifact:Anotações do Projeto: missing resource file './../../Business Design Thinking/workproducts/Anota&ccedil;&otilde;es do Projeto_6A2D8988.html'
Warning: Artifact:Anotações do Projeto: missing resource file './../../Business Design Thinking/deliveryprocesses/Documenta&ccedil;&atilde;o de Resultados_3FF3AD5.html'
Warning: Activity:Documentação de Resultados: missing resource file './../../Business Design Thinking/deliveryprocesses/resources/Documenta&ccedil;&atilde;o de Resultados_3FF3AD5_ActivityDetail.jpeg'
Warning: Activity:Documentação de Resultados: missing resource file './../../Business Design Thinking/workproducts/Anota&ccedil;&otilde;es do Projeto_6A2D8988.html'
Warning: Activity:Documentação de Resultados: missing resource file './../../Business Design Thinking/deliveryprocesses/resources/Documenta&ccedil;&atilde;o de Resultados_3FF3AD5_ActivityDetail.jpeg'
Warning: Activity:Documentação de Resultados: missing resource file './../../Business Design Thinking/workproducts/Anota&ccedil;&otilde;es do Projeto_6A2D8988.html'
Warning: Task:Formalizar Briefing do Cliente: missing resource file './../../Business Design Thinking/disciplines/Empatiza&ccedil;&atilde;o do Documento de Resultados_4A904B98.html'
Warning: Task:Formalizar Briefing do Cliente: missing resource file './../../Business Design Thinking/deliveryprocesses/Documenta&ccedil;&atilde;o de Resultados_3FF3AD5.html'
Warning: Role:Analista: missing resource file './../../Business Design Thinking/rolesets/Todos os Pap&eacute;is_D34A2D30.html'
Warning: Role:Analista: missing resource file './../../Business Design Thinking/tasks/Avaliar Prot&oacute;tipo Junto a Equipe de Desenvolvimento Alta Fidelid_2E1DF7D5.html'
Warning: Role:Analista: missing resource file './../../Business Design Thinking/tasks/Avaliar Prot&oacute;tipo Junto a Equipe de Desenvolvimento M&eacute;dia Fideli_ECF30F22.html'
Warning: Role:Analista: missing resource file './../../Business Design Thinking/tasks/Definir Caso de Uso B&aacute;sico do Sistema_E39EF3FC.html'
Warning: Role:Analista: missing resource file './../../Business Design Thinking/tasks/Definir Cronograma De Reuni&otilde;es_6E6CE8DD.html'
Warning: Role:Analista: missing resource file './../../Business Design Thinking/deliveryprocesses/Documenta&ccedil;&atilde;o de Resultados_3FF3AD5.html'
Warning: Role:Analista: missing resource file './../../Business Design Thinking/deliveryprocesses/Defini&ccedil;&atilde;o_AB44A3FA.html'
Warning: Role:Analista: missing resource file './../../Business Design Thinking/deliveryprocesses/Documento de Vis&atilde;o Geral_B6E02A1.html'
Warning: Role:Analista: missing resource file './../../Business Design Thinking/deliveryprocesses/Reuni&otilde;es com o Cliente_670CAEFD.html'
Warning: Role:Analista: missing resource file './../../Business Design Thinking/deliveryprocesses/Prototipa&ccedil;&atilde;o Em Baixa E M&eacute;dia Fidelidade_75DA73CB.html'
Warning: Role:Analista: missing resource file './../../Business Design Thinking/deliveryprocesses/Prototipa&ccedil;&atilde;o Interativa E Em Alta Fidelidade_584B45A3.html'
Warning: Artifact:Documento de Resultados do Briefing: missing resource file './../../Business Design Thinking/deliveryprocesses/Documenta&ccedil;&atilde;o de Resultados_3FF3AD5.html'
Warning: Task:Produzir Canvas Junto com o Cliente: missing resource file './../../Business Design Thinking/disciplines/Empatiza&ccedil;&atilde;o com Canvas_C2770B29.html'
Warning: Activity:Documento de Visão Geral: missing resource file './../../Business Design Thinking/deliveryprocesses/resources/Documento de Vis&atilde;o Geral_B6E02A1_ActivityDetail.jpeg'
Warning: Activity:Documento de Visão Geral: missing resource file './../../Business Design Thinking/deliveryprocesses/Defini&ccedil;&atilde;o_AB44A3FA.html'
Warning: Activity:Documento de Visão Geral: missing resource file './../../Business Design Thinking/deliveryprocesses/resources/Documento de Vis&atilde;o Geral_B6E02A1_ActivityDetail.jpeg'
Warning: Task:Definir Escopo: missing resource file './../../Business Design Thinking/disciplines/Defini&ccedil;&atilde;o da Vis&atilde;o Geral_E42E7D9.html'
Warning: Task:Definir Escopo: missing resource file './../../Business Design Thinking/deliveryprocesses/Defini&ccedil;&atilde;o_AB44A3FA.html'
Warning: Task:Definir Escopo: missing resource file './../../Business Design Thinking/deliveryprocesses/Documento de Vis&atilde;o Geral_B6E02A1.html'
Warning: Task:Detalhar Requisitos: missing resource file './../../Business Design Thinking/disciplines/Defini&ccedil;&atilde;o da Vis&atilde;o Geral_E42E7D9.html'
Warning: Task:Detalhar Requisitos: missing resource file './../../Business Design Thinking/deliveryprocesses/Defini&ccedil;&atilde;o_AB44A3FA.html'
Warning: Task:Detalhar Requisitos: missing resource file './../../Business Design Thinking/deliveryprocesses/Documento de Vis&atilde;o Geral_B6E02A1.html'
Warning: Task:Agrupar Requisitos em Casos de Usos: missing resource file './../../Business Design Thinking/disciplines/Defini&ccedil;&atilde;o da Vis&atilde;o Geral_E42E7D9.html'
Warning: Task:Agrupar Requisitos em Casos de Usos: missing resource file './../../Business Design Thinking/deliveryprocesses/Defini&ccedil;&atilde;o_AB44A3FA.html'
Warning: Task:Agrupar Requisitos em Casos de Usos: missing resource file './../../Business Design Thinking/deliveryprocesses/Documento de Vis&atilde;o Geral_B6E02A1.html'
Warning: Task:Classificar Caso de Uso com Cliente: missing resource file './../../Business Design Thinking/disciplines/Defini&ccedil;&atilde;o da Vis&atilde;o Geral_E42E7D9.html'
Warning: Task:Classificar Caso de Uso com Cliente: missing resource file './../../Business Design Thinking/deliveryprocesses/Defini&ccedil;&atilde;o_AB44A3FA.html'
Warning: Task:Classificar Caso de Uso com Cliente: missing resource file './../../Business Design Thinking/deliveryprocesses/Documento de Vis&atilde;o Geral_B6E02A1.html'
Warning: Activity:Ambiente De Desenvolvimento: missing resource file './../../Business Design Thinking/tasks/Definir Caso de Uso B&aacute;sico do Sistema_E39EF3FC.html'
Warning: Activity:Ambiente De Desenvolvimento: missing resource file './../../Business Design Thinking/tasks/Validar Arquitetura com CDU B&aacute;sico_24352F1D.html'
Warning: Activity:Ambiente De Desenvolvimento: missing resource file './../../Business Design Thinking/deliveryprocesses/Defini&ccedil;&atilde;o_AB44A3FA.html'
Warning: Activity:Ambiente De Desenvolvimento: missing resource file './../../Business Design Thinking/tasks/Definir Caso de Uso B&aacute;sico do Sistema_E39EF3FC.html'
Warning: Activity:Ambiente De Desenvolvimento: missing resource file './../../Business Design Thinking/tasks/Validar Arquitetura com CDU B&aacute;sico_24352F1D.html'
Warning: Task:Avaliar Com Equipe Tecnologias a Serem Usadas: missing resource file './../../Business Design Thinking/disciplines/Defini&ccedil;&atilde;o do Ambiente de Desenvolvimento_51E2967A.html'
Warning: Task:Avaliar Com Equipe Tecnologias a Serem Usadas: missing resource file './../../Business Design Thinking/deliveryprocesses/Defini&ccedil;&atilde;o_AB44A3FA.html'
Warning: Role:Desenvolvedores e Testadores: missing resource file './../../Business Design Thinking/rolesets/Todos os Pap&eacute;is_D34A2D30.html'
Warning: Role:Desenvolvedores e Testadores: missing resource file './../../Business Design Thinking/tasks/Definir Caso de Uso B&aacute;sico do Sistema_E39EF3FC.html'
Warning: Role:Desenvolvedores e Testadores: missing resource file './../../Business Design Thinking/tasks/Incrementar Solu&ccedil;&atilde;o de Acordo com a Classifica&ccedil;&atilde;o dos Casos de U_2C823F51.html'
Warning: Role:Desenvolvedores e Testadores: missing resource file './../../Business Design Thinking/tasks/Indentificar e Concertar Poss&iacute;veis Falhas_E083B749.html'
Warning: Role:Desenvolvedores e Testadores: missing resource file './../../Business Design Thinking/tasks/Produzir Manual do Usu&aacute;rio_D5D5629.html'
Warning: Role:Desenvolvedores e Testadores: missing resource file './../../Business Design Thinking/tasks/Registrar Poss&iacute;veis Falhas Para Concertar_E87C496D.html'
Warning: Role:Desenvolvedores e Testadores: missing resource file './../../Business Design Thinking/tasks/Validar Arquitetura com CDU B&aacute;sico_24352F1D.html'
Warning: Role:Desenvolvedores e Testadores: missing resource file './../../Business Design Thinking/tasks/Acoplar L&oacute;gica Do Sistema As Interfaces_25983F14.html'
Warning: Role:Desenvolvedores e Testadores: missing resource file './../../Business Design Thinking/tasks/Avaliar Prot&oacute;tipo Junto a Equipe de Desenvolvimento Alta Fidelid_2E1DF7D5.html'
Warning: Role:Desenvolvedores e Testadores: missing resource file './../../Business Design Thinking/tasks/Avaliar Prot&oacute;tipo Junto a Equipe de Desenvolvimento M&eacute;dia Fideli_ECF30F22.html'
Warning: Role:Desenvolvedores e Testadores: missing resource file './../../Business Design Thinking/deliveryprocesses/Defini&ccedil;&atilde;o_AB44A3FA.html'
Warning: Role:Desenvolvedores e Testadores: missing resource file './../../Business Design Thinking/deliveryprocesses/Prototipa&ccedil;&atilde;o Em Baixa E M&eacute;dia Fidelidade_75DA73CB.html'
Warning: Role:Desenvolvedores e Testadores: missing resource file './../../Business Design Thinking/deliveryprocesses/Prototipa&ccedil;&atilde;o Interativa E Em Alta Fidelidade_584B45A3.html'
Warning: Role:Desenvolvedores e Testadores: missing resource file './../../Business Design Thinking/deliveryprocesses/Idealiza&ccedil;&atilde;o_905CDD4C.html'
Warning: Role:Desenvolvedores e Testadores: missing resource file './../../Business Design Thinking/deliveryprocesses/Desenvolvimento Da Solu&ccedil;&atilde;o_3C90A58D.html'
Warning: Task:Definir Caso de Uso Básico do Sistema: missing resource file './../../Business Design Thinking/disciplines/Defini&ccedil;&atilde;o do Ambiente de Desenvolvimento_51E2967A.html'
Warning: Task:Definir Caso de Uso Básico do Sistema: missing resource file './../../Business Design Thinking/deliveryprocesses/Defini&ccedil;&atilde;o_AB44A3FA.html'
Warning: Task:Definir Caso de Uso Básico do Sistema: missing resource file './../../Business Design Thinking/tasks/Definir Caso de Uso B&aacute;sico do Sistema_E39EF3FC.html'
Warning: Task:Validar Arquitetura com CDU Básico: missing resource file './../../Business Design Thinking/disciplines/Defini&ccedil;&atilde;o do Ambiente de Desenvolvimento_51E2967A.html'
Warning: Task:Validar Arquitetura com CDU Básico: missing resource file './../../Business Design Thinking/deliveryprocesses/Defini&ccedil;&atilde;o_AB44A3FA.html'
Warning: Task:Validar Arquitetura com CDU Básico: missing resource file './../../Business Design Thinking/tasks/Validar Arquitetura com CDU B&aacute;sico_24352F1D.html'
Warning: Task:Avaliar Viabilidade da Arquitetura: missing resource file './../../Business Design Thinking/disciplines/Defini&ccedil;&atilde;o do Ambiente de Desenvolvimento_51E2967A.html'
Warning: Task:Definir Arquitetura de Desenvolvimento: missing resource file './../../Business Design Thinking/disciplines/Defini&ccedil;&atilde;o do Ambiente de Desenvolvimento_51E2967A.html'
Warning: Task:Definir Arquitetura de Desenvolvimento: missing resource file './../../Business Design Thinking/deliveryprocesses/Defini&ccedil;&atilde;o_AB44A3FA.html'
Warning: Artifact:Documento de Ambiente: missing resource file './../../Business Design Thinking/deliveryprocesses/Defini&ccedil;&atilde;o_AB44A3FA.html'
Warning: Activity:Reuniões com o Cliente: missing resource file './../../Business Design Thinking/deliveryprocesses/resources/Reuni&otilde;es com o Cliente_670CAEFD_ActivityDetail.jpeg'
Warning: Activity:Reuniões com o Cliente: missing resource file './../../Business Design Thinking/tasks/Definir Cronograma De Reuni&otilde;es_6E6CE8DD.html'
Warning: Activity:Reuniões com o Cliente: missing resource file './../../Business Design Thinking/workproducts/Cronograma de Reuni&otilde;es_F02822AF.html'
Warning: Activity:Reuniões com o Cliente: missing resource file './../../Business Design Thinking/deliveryprocesses/Defini&ccedil;&atilde;o_AB44A3FA.html'
Warning: Activity:Reuniões com o Cliente: missing resource file './../../Business Design Thinking/deliveryprocesses/resources/Reuni&otilde;es com o Cliente_670CAEFD_ActivityDetail.jpeg'
Warning: Activity:Reuniões com o Cliente: missing resource file './../../Business Design Thinking/tasks/Definir Cronograma De Reuni&otilde;es_6E6CE8DD.html'
Warning: Activity:Reuniões com o Cliente: missing resource file './../../Business Design Thinking/workproducts/Cronograma de Reuni&otilde;es_F02822AF.html'
Warning: Task:Definir Cronograma De Reuniões: missing resource file './../../Business Design Thinking/disciplines/Defini&ccedil;&atilde;o das Reuni&otilde;es com o Cliente_AF0CBEAE.html'
Warning: Task:Definir Cronograma De Reuniões: missing resource file './../../Business Design Thinking/deliveryprocesses/Defini&ccedil;&atilde;o_AB44A3FA.html'
Warning: Task:Definir Cronograma De Reuniões: missing resource file './../../Business Design Thinking/deliveryprocesses/Reuni&otilde;es com o Cliente_670CAEFD.html'
Warning: Task:Definir Cronograma De Reuniões: missing resource file './../../Business Design Thinking/tasks/Definir Cronograma De Reuni&otilde;es_6E6CE8DD.html'
Warning: Artifact:Cronograma de Reuniões: missing resource file './../../Business Design Thinking/tasks/Definir Cronograma De Reuni&otilde;es_6E6CE8DD.html'
Warning: Artifact:Cronograma de Reuniões: missing resource file './../../Business Design Thinking/deliveryprocesses/Defini&ccedil;&atilde;o_AB44A3FA.html'
Warning: Artifact:Cronograma de Reuniões: missing resource file './../../Business Design Thinking/deliveryprocesses/Reuni&otilde;es com o Cliente_670CAEFD.html'
Warning: Artifact:Cronograma de Reuniões: missing resource file './../../Business Design Thinking/workproducts/Cronograma de Reuni&otilde;es_F02822AF.html'
Warning: Activity:Desenvolvimento Da Solução: missing resource file './../../Business Design Thinking/deliveryprocesses/resources/Desenvolvimento Da Solu&ccedil;&atilde;o_3C90A58D_ActivityDetail.jpeg'
Warning: Activity:Desenvolvimento Da Solução: missing resource file './../../Business Design Thinking/tasks/Incrementar Solu&ccedil;&atilde;o de Acordo com a Classifica&ccedil;&atilde;o dos Casos de U_2C823F51.html'
Warning: Activity:Desenvolvimento Da Solução: missing resource file './../../Business Design Thinking/deliveryprocesses/Idealiza&ccedil;&atilde;o_905CDD4C.html'
Warning: Activity:Desenvolvimento Da Solução: missing resource file './../../Business Design Thinking/deliveryprocesses/resources/Desenvolvimento Da Solu&ccedil;&atilde;o_3C90A58D_ActivityDetail.jpeg'
Warning: Activity:Desenvolvimento Da Solução: missing resource file './../../Business Design Thinking/tasks/Incrementar Solu&ccedil;&atilde;o de Acordo com a Classifica&ccedil;&atilde;o dos Casos de U_2C823F51.html'
Warning: Task:Incrementar Solução de Acordo com a Classificação dos Casos de Usos: missing resource file './../../Business Design Thinking/disciplines/Idealizar o Desenvolvimento Da Solu&ccedil;&atilde;o_989DEEBA.html'
Warning: Task:Incrementar Solução de Acordo com a Classificação dos Casos de Usos: missing resource file './../../Business Design Thinking/deliveryprocesses/Idealiza&ccedil;&atilde;o_905CDD4C.html'
Warning: Task:Incrementar Solução de Acordo com a Classificação dos Casos de Usos: missing resource file './../../Business Design Thinking/deliveryprocesses/Desenvolvimento Da Solu&ccedil;&atilde;o_3C90A58D.html'
Warning: Task:Incrementar Solução de Acordo com a Classificação dos Casos de Usos: missing resource file './../../Business Design Thinking/tasks/Incrementar Solu&ccedil;&atilde;o de Acordo com a Classifica&ccedil;&atilde;o dos Casos de U_2C823F51.html'
Warning: Activity:Prototipação Em Baixa E Média Fidelidade : missing resource file './../../Business Design Thinking/deliveryprocesses/resources/Prototipa&ccedil;&atilde;o Em Baixa E M&eacute;dia Fidelidade_75DA73CB_ActivityDetail.jpeg'
Warning: Activity:Prototipação Em Baixa E Média Fidelidade : missing resource file './../../Business Design Thinking/tasks/Esbo&ccedil;ar Prot&oacute;tipo Das Interfaces Em Baixa Fidelidade_461DE620.html'
Warning: Activity:Prototipação Em Baixa E Média Fidelidade : missing resource file './../../Business Design Thinking/tasks/Desenvolver Prot&oacute;tipo Das Interfaces Principais Em M&eacute;dia Fidelid_7658D533.html'
Warning: Activity:Prototipação Em Baixa E Média Fidelidade : missing resource file './../../Business Design Thinking/tasks/Avaliar Prot&oacute;tipo Junto a Equipe de Desenvolvimento M&eacute;dia Fideli_ECF30F22.html'
Warning: Activity:Prototipação Em Baixa E Média Fidelidade : missing resource file './../../Business Design Thinking/tasks/Ajustar Mudan&ccedil;as No Prot&oacute;tipo_2DFDA438.html'
Warning: Activity:Prototipação Em Baixa E Média Fidelidade : missing resource file './../../Business Design Thinking/deliveryprocesses/resources/Prototipa&ccedil;&atilde;o Em Baixa E M&eacute;dia Fidelidade_75DA73CB_ActivityDetail.jpeg'
Warning: Activity:Prototipação Em Baixa E Média Fidelidade : missing resource file './../../Business Design Thinking/tasks/Esbo&ccedil;ar Prot&oacute;tipo Das Interfaces Em Baixa Fidelidade_461DE620.html'
Warning: Activity:Prototipação Em Baixa E Média Fidelidade : missing resource file './../../Business Design Thinking/tasks/Desenvolver Prot&oacute;tipo Das Interfaces Principais Em M&eacute;dia Fidelid_7658D533.html'
Warning: Activity:Prototipação Em Baixa E Média Fidelidade : missing resource file './../../Business Design Thinking/tasks/Avaliar Prot&oacute;tipo Junto a Equipe de Desenvolvimento M&eacute;dia Fideli_ECF30F22.html'
Warning: Activity:Prototipação Em Baixa E Média Fidelidade : missing resource file './../../Business Design Thinking/tasks/Ajustar Mudan&ccedil;as No Prot&oacute;tipo_2DFDA438.html'
Warning: Task:Esboçar Protótipo Das Interfaces Em Baixa Fidelidade: missing resource file './../../Business Design Thinking/disciplines/Prototipagem em Baixa e M&eacute;dia Fidelidade_FAC9F97B.html'
Warning: Task:Esboçar Protótipo Das Interfaces Em Baixa Fidelidade: missing resource file './../../Business Design Thinking/deliveryprocesses/Prototipa&ccedil;&atilde;o Em Baixa E M&eacute;dia Fidelidade_75DA73CB.html'
Warning: Task:Esboçar Protótipo Das Interfaces Em Baixa Fidelidade: missing resource file './../../Business Design Thinking/tasks/Esbo&ccedil;ar Prot&oacute;tipo Das Interfaces Em Baixa Fidelidade_461DE620.html'
Warning: Role:Designer: missing resource file './../../Business Design Thinking/rolesets/Todos os Pap&eacute;is_D34A2D30.html'
Warning: Role:Designer: missing resource file './../../Business Design Thinking/tasks/Acoplar L&oacute;gica Do Sistema As Interfaces_25983F14.html'
Warning: Role:Designer: missing resource file './../../Business Design Thinking/tasks/Ajustar Mudan&ccedil;as No Prot&oacute;tipo_2DFDA438.html'
Warning: Role:Designer: missing resource file './../../Business Design Thinking/tasks/Avaliar Prot&oacute;tipo Junto a Equipe de Desenvolvimento Alta Fidelid_2E1DF7D5.html'
Warning: Role:Designer: missing resource file './../../Business Design Thinking/tasks/Avaliar Prot&oacute;tipo Junto a Equipe de Desenvolvimento M&eacute;dia Fideli_ECF30F22.html'
Warning: Role:Designer: missing resource file './../../Business Design Thinking/tasks/Avaliar Usabilidade do Prot&oacute;tipo Interativo Junto ao Cliente_5BD0B9EC.html'
Warning: Role:Designer: missing resource file './../../Business Design Thinking/tasks/Desenvolver Prot&oacute;tipo das Interfaces de Forma Interativa_1F926C86.html'
Warning: Role:Designer: missing resource file './../../Business Design Thinking/tasks/Desenvolver Prot&oacute;tipo Das Interfaces Em Alta Fidelidade_3BD1E6B5.html'
Warning: Role:Designer: missing resource file './../../Business Design Thinking/tasks/Desenvolver Prot&oacute;tipo Das Interfaces Principais Em M&eacute;dia Fidelid_7658D533.html'
Warning: Role:Designer: missing resource file './../../Business Design Thinking/tasks/Esbo&ccedil;ar Prot&oacute;tipo Das Interfaces Em Baixa Fidelidade_461DE620.html'
Warning: Role:Designer: missing resource file './../../Business Design Thinking/tasks/Registrar Poss&iacute;veis Falhas Para Concertar_E87C496D.html'
Warning: Role:Designer: missing resource file './../../Business Design Thinking/deliveryprocesses/Prototipa&ccedil;&atilde;o Em Baixa E M&eacute;dia Fidelidade_75DA73CB.html'
Warning: Role:Designer: missing resource file './../../Business Design Thinking/deliveryprocesses/Prototipa&ccedil;&atilde;o Interativa E Em Alta Fidelidade_584B45A3.html'
Warning: Task:Desenvolver Protótipo Das Interfaces Principais Em Média Fidelidade: missing resource file './../../Business Design Thinking/disciplines/Prototipagem em Baixa e M&eacute;dia Fidelidade_FAC9F97B.html'
Warning: Task:Desenvolver Protótipo Das Interfaces Principais Em Média Fidelidade: missing resource file './../../Business Design Thinking/deliveryprocesses/Prototipa&ccedil;&atilde;o Em Baixa E M&eacute;dia Fidelidade_75DA73CB.html'
Warning: Task:Desenvolver Protótipo Das Interfaces Principais Em Média Fidelidade: missing resource file './../../Business Design Thinking/tasks/Desenvolver Prot&oacute;tipo Das Interfaces Principais Em M&eacute;dia Fidelid_7658D533.html'
Warning: Task:Avaliar Protótipo Junto a Equipe de Desenvolvimento (Média Fidelidade): missing resource file './../../Business Design Thinking/disciplines/Prototipagem em Baixa e M&eacute;dia Fidelidade_FAC9F97B.html'
Warning: Task:Avaliar Protótipo Junto a Equipe de Desenvolvimento (Média Fidelidade): missing resource file './../../Business Design Thinking/deliveryprocesses/Prototipa&ccedil;&atilde;o Em Baixa E M&eacute;dia Fidelidade_75DA73CB.html'
Warning: Task:Avaliar Protótipo Junto a Equipe de Desenvolvimento (Média Fidelidade): missing resource file './../../Business Design Thinking/tasks/Avaliar Prot&oacute;tipo Junto a Equipe de Desenvolvimento M&eacute;dia Fideli_ECF30F22.html'
Warning: Task:Ajustar Mudanças No Protótipo: missing resource file './../../Business Design Thinking/disciplines/Prototipagem em Baixa e M&eacute;dia Fidelidade_FAC9F97B.html'
Warning: Task:Ajustar Mudanças No Protótipo: missing resource file './../../Business Design Thinking/deliveryprocesses/Prototipa&ccedil;&atilde;o Em Baixa E M&eacute;dia Fidelidade_75DA73CB.html'
Warning: Task:Ajustar Mudanças No Protótipo: missing resource file './../../Business Design Thinking/tasks/Ajustar Mudan&ccedil;as No Prot&oacute;tipo_2DFDA438.html'
Warning: Activity:Prototipação Interativa E Em Alta Fidelidade: missing resource file './../../Business Design Thinking/deliveryprocesses/resources/Prototipa&ccedil;&atilde;o Interativa E Em Alta Fidelidade_584B45A3_ActivityDetail.jpeg'
Warning: Activity:Prototipação Interativa E Em Alta Fidelidade: missing resource file './../../Business Design Thinking/tasks/Desenvolver Prot&oacute;tipo Das Interfaces Em Alta Fidelidade_3BD1E6B5.html'
Warning: Activity:Prototipação Interativa E Em Alta Fidelidade: missing resource file './../../Business Design Thinking/tasks/Avaliar Prot&oacute;tipo Junto a Equipe de Desenvolvimento Alta Fidelid_2E1DF7D5.html'
Warning: Activity:Prototipação Interativa E Em Alta Fidelidade: missing resource file './../../Business Design Thinking/tasks/Desenvolver Prot&oacute;tipo das Interfaces de Forma Interativa_1F926C86.html'
Warning: Activity:Prototipação Interativa E Em Alta Fidelidade: missing resource file './../../Business Design Thinking/tasks/Avaliar Usabilidade do Prot&oacute;tipo Interativo Junto ao Cliente_5BD0B9EC.html'
Warning: Activity:Prototipação Interativa E Em Alta Fidelidade: missing resource file './../../Business Design Thinking/deliveryprocesses/resources/Prototipa&ccedil;&atilde;o Interativa E Em Alta Fidelidade_584B45A3_ActivityDetail.jpeg'
Warning: Activity:Prototipação Interativa E Em Alta Fidelidade: missing resource file './../../Business Design Thinking/tasks/Desenvolver Prot&oacute;tipo Das Interfaces Em Alta Fidelidade_3BD1E6B5.html'
Warning: Activity:Prototipação Interativa E Em Alta Fidelidade: missing resource file './../../Business Design Thinking/tasks/Avaliar Prot&oacute;tipo Junto a Equipe de Desenvolvimento Alta Fidelid_2E1DF7D5.html'
Warning: Activity:Prototipação Interativa E Em Alta Fidelidade: missing resource file './../../Business Design Thinking/tasks/Desenvolver Prot&oacute;tipo das Interfaces de Forma Interativa_1F926C86.html'
Warning: Activity:Prototipação Interativa E Em Alta Fidelidade: missing resource file './../../Business Design Thinking/tasks/Avaliar Usabilidade do Prot&oacute;tipo Interativo Junto ao Cliente_5BD0B9EC.html'
Warning: Task:Desenvolver Protótipo Das Interfaces Em Alta Fidelidade: missing resource file './../../Business Design Thinking/deliveryprocesses/Prototipa&ccedil;&atilde;o Interativa E Em Alta Fidelidade_584B45A3.html'
Warning: Task:Desenvolver Protótipo Das Interfaces Em Alta Fidelidade: missing resource file './../../Business Design Thinking/tasks/Desenvolver Prot&oacute;tipo Das Interfaces Em Alta Fidelidade_3BD1E6B5.html'
Warning: Task:Avaliar Protótipo Junto a Equipe de Desenvolvimento (Alta Fidelidade): missing resource file './../../Business Design Thinking/deliveryprocesses/Prototipa&ccedil;&atilde;o Interativa E Em Alta Fidelidade_584B45A3.html'
Warning: Task:Avaliar Protótipo Junto a Equipe de Desenvolvimento (Alta Fidelidade): missing resource file './../../Business Design Thinking/tasks/Avaliar Prot&oacute;tipo Junto a Equipe de Desenvolvimento Alta Fidelid_2E1DF7D5.html'
Warning: Task:Desenvolver Protótipo das Interfaces de Forma Interativa: missing resource file './../../Business Design Thinking/deliveryprocesses/Prototipa&ccedil;&atilde;o Interativa E Em Alta Fidelidade_584B45A3.html'
Warning: Task:Desenvolver Protótipo das Interfaces de Forma Interativa: missing resource file './../../Business Design Thinking/tasks/Desenvolver Prot&oacute;tipo das Interfaces de Forma Interativa_1F926C86.html'
Warning: Task:Avaliar Usabilidade do Protótipo Interativo Junto ao Cliente: missing resource file './../../Business Design Thinking/deliveryprocesses/Prototipa&ccedil;&atilde;o Interativa E Em Alta Fidelidade_584B45A3.html'
Warning: Task:Avaliar Usabilidade do Protótipo Interativo Junto ao Cliente: missing resource file './../../Business Design Thinking/tasks/Avaliar Usabilidade do Prot&oacute;tipo Interativo Junto ao Cliente_5BD0B9EC.html'
Warning: Activity:Desenvolvimento Das Interfaces Do Sistema: missing resource file './../../Business Design Thinking/tasks/Acoplar L&oacute;gica Do Sistema As Interfaces_25983F14.html'
Warning: Activity:Desenvolvimento Das Interfaces Do Sistema: missing resource file './../../Business Design Thinking/tasks/Acoplar L&oacute;gica Do Sistema As Interfaces_25983F14.html'
Warning: Task:Criar Todas Interfaces Do Sistema: missing resource file './../../Business Design Thinking/disciplines/Prototipagem em Confec&ccedil;&atilde;o de Interfaces_EDF999F8.html'
Warning: Task:Acoplar Lógica Do Sistema As Interfaces: missing resource file './../../Business Design Thinking/disciplines/Prototipagem em Confec&ccedil;&atilde;o de Interfaces_EDF999F8.html'
Warning: Task:Acoplar Lógica Do Sistema As Interfaces: missing resource file './../../Business Design Thinking/tasks/Acoplar L&oacute;gica Do Sistema As Interfaces_25983F14.html'
Warning: Activity:Plano De Teste: missing resource file './../../Business Design Thinking/tasks/Indentificar e Concertar Poss&iacute;veis Falhas_E083B749.html'
Warning: Activity:Plano De Teste: missing resource file './../../Business Design Thinking/tasks/Indentificar e Concertar Poss&iacute;veis Falhas_E083B749.html'
Warning: Task:Indentificar e Concertar Possíveis Falhas: missing resource file './../../Business Design Thinking/tasks/Indentificar e Concertar Poss&iacute;veis Falhas_E083B749.html'
Warning: Activity:Entrega Ao Cliente: missing resource file './../../Business Design Thinking/tasks/Produzir Manual do Usu&aacute;rio_D5D5629.html'
Warning: Activity:Entrega Ao Cliente: missing resource file './../../Business Design Thinking/tasks/Registrar Poss&iacute;veis Falhas Para Concertar_E87C496D.html'
Warning: Activity:Entrega Ao Cliente: missing resource file './../../Business Design Thinking/tasks/Produzir Manual do Usu&aacute;rio_D5D5629.html'
Warning: Activity:Entrega Ao Cliente: missing resource file './../../Business Design Thinking/tasks/Registrar Poss&iacute;veis Falhas Para Concertar_E87C496D.html'
Warning: Task:Produzir Manual do Usuário: missing resource file './../../Business Design Thinking/tasks/Produzir Manual do Usu&aacute;rio_D5D5629.html'
Warning: Task:Registrar Possíveis Falhas Para Concertar: missing resource file './../../Business Design Thinking/tasks/Registrar Poss&iacute;veis Falhas Para Concertar_E87C496D.html'
